2020-11-29 02:47:56.517 | INFO     | __main__:run:68 - Process Started
2020-11-29 02:47:56.517 | INFO     | __main__:execute_ddl:51 - dropping the table employees
2020-11-29 02:47:56.542 | INFO     | utils:mysql_connection:28 - Connection to MYSQL is successful
2020-11-29 02:47:56.555 | INFO     | __main__:execute_ddl:53 - dropping the table departments
2020-11-29 02:47:56.559 | INFO     | utils:mysql_connection:28 - Connection to MYSQL is successful
2020-11-29 02:47:56.571 | INFO     | __main__:execute_ddl:55 - creating the table employees
2020-11-29 02:47:56.579 | INFO     | utils:mysql_connection:28 - Connection to MYSQL is successful
2020-11-29 02:47:56.607 | INFO     | __main__:execute_ddl:57 - creating the table departments
2020-11-29 02:47:56.611 | INFO     | utils:mysql_connection:28 - Connection to MYSQL is successful
2020-11-29 02:47:56.633 | INFO     | __main__:execute_ddl:60 - DDL Completed Successfully
2020-11-29 02:47:56.641 | INFO     | utils:mysql_connection:28 - Connection to MYSQL is successful
2020-11-29 02:47:56.649 | INFO     | utils:mysql_connection:28 - Connection to MYSQL is successful
2020-11-29 02:47:56.658 | INFO     | utils:mysql_connection:28 - Connection to MYSQL is successful
2020-11-29 02:47:56.666 | INFO     | utils:mysql_connection:28 - Connection to MYSQL is successful
2020-11-29 02:47:56.673 | INFO     | utils:mysql_connection:28 - Connection to MYSQL is successful
2020-11-29 02:47:56.681 | INFO     | utils:mysql_connection:28 - Connection to MYSQL is successful
2020-11-29 02:47:56.688 | INFO     | utils:mysql_connection:28 - Connection to MYSQL is successful
2020-11-29 02:47:56.695 | INFO     | utils:mysql_connection:28 - Connection to MYSQL is successful
2020-11-29 02:47:56.702 | INFO     | utils:mysql_connection:28 - Connection to MYSQL is successful
2020-11-29 02:47:56.709 | INFO     | utils:mysql_connection:28 - Connection to MYSQL is successful
2020-11-29 02:47:56.717 | INFO     | utils:mysql_connection:28 - Connection to MYSQL is successful
2020-11-29 02:47:56.728 | INFO     | utils:mysql_connection:28 - Connection to MYSQL is successful
2020-11-29 02:47:56.735 | INFO     | utils:mysql_connection:28 - Connection to MYSQL is successful
2020-11-29 02:47:56.743 | INFO     | utils:mysql_connection:28 - Connection to MYSQL is successful
2020-11-29 02:47:56.750 | INFO     | utils:mysql_connection:28 - Connection to MYSQL is successful
2020-11-29 02:47:56.760 | INFO     | utils:mysql_connection:28 - Connection to MYSQL is successful
2020-11-29 02:47:56.770 | INFO     | utils:mysql_connection:28 - Connection to MYSQL is successful
2020-11-29 02:47:56.778 | INFO     | utils:mysql_connection:28 - Connection to MYSQL is successful
2020-11-29 02:47:56.785 | INFO     | utils:mysql_connection:28 - Connection to MYSQL is successful
2020-11-29 02:47:56.792 | INFO     | utils:mysql_connection:28 - Connection to MYSQL is successful
2020-11-29 02:47:56.799 | INFO     | utils:mysql_connection:28 - Connection to MYSQL is successful
2020-11-29 02:47:56.806 | INFO     | utils:mysql_connection:28 - Connection to MYSQL is successful
2020-11-29 02:47:56.814 | INFO     | utils:mysql_connection:28 - Connection to MYSQL is successful
2020-11-29 02:47:56.822 | INFO     | utils:mysql_connection:28 - Connection to MYSQL is successful
2020-11-29 02:47:56.829 | INFO     | utils:mysql_connection:28 - Connection to MYSQL is successful
2020-11-29 02:47:56.837 | INFO     | utils:mysql_connection:28 - Connection to MYSQL is successful
2020-11-29 02:47:56.844 | INFO     | utils:mysql_connection:28 - Connection to MYSQL is successful
2020-11-29 02:47:56.851 | INFO     | utils:mysql_connection:28 - Connection to MYSQL is successful
2020-11-29 02:47:56.859 | INFO     | utils:mysql_connection:28 - Connection to MYSQL is successful
2020-11-29 02:47:56.866 | INFO     | utils:mysql_connection:28 - Connection to MYSQL is successful
2020-11-29 02:47:56.875 | INFO     | utils:mysql_connection:28 - Connection to MYSQL is successful
2020-11-29 02:47:56.882 | INFO     | utils:mysql_connection:28 - Connection to MYSQL is successful
2020-11-29 02:47:56.890 | INFO     | utils:mysql_connection:28 - Connection to MYSQL is successful
2020-11-29 02:47:56.897 | INFO     | utils:mysql_connection:28 - Connection to MYSQL is successful
2020-11-29 02:47:56.905 | INFO     | utils:mysql_connection:28 - Connection to MYSQL is successful
2020-11-29 02:47:56.915 | INFO     | utils:mysql_connection:28 - Connection to MYSQL is successful
2020-11-29 02:47:56.925 | INFO     | utils:mysql_connection:28 - Connection to MYSQL is successful
2020-11-29 02:47:56.932 | INFO     | utils:mysql_connection:28 - Connection to MYSQL is successful
2020-11-29 02:47:56.944 | INFO     | utils:mysql_connection:28 - Connection to MYSQL is successful
2020-11-29 02:47:56.952 | INFO     | utils:mysql_connection:28 - Connection to MYSQL is successful
2020-11-29 02:47:56.959 | INFO     | utils:mysql_connection:28 - Connection to MYSQL is successful
2020-11-29 02:47:56.966 | INFO     | utils:mysql_connection:28 - Connection to MYSQL is successful
2020-11-29 02:47:56.973 | INFO     | utils:mysql_connection:28 - Connection to MYSQL is successful
2020-11-29 02:47:56.981 | INFO     | utils:mysql_connection:28 - Connection to MYSQL is successful
2020-11-29 02:47:56.989 | INFO     | utils:mysql_connection:28 - Connection to MYSQL is successful
2020-11-29 02:47:56.997 | INFO     | utils:mysql_connection:28 - Connection to MYSQL is successful
2020-11-29 02:47:57.008 | INFO     | utils:mysql_connection:28 - Connection to MYSQL is successful
2020-11-29 02:47:57.015 | INFO     | utils:mysql_connection:28 - Connection to MYSQL is successful
2020-11-29 02:47:57.022 | INFO     | utils:mysql_connection:28 - Connection to MYSQL is successful
2020-11-29 02:47:57.030 | INFO     | utils:mysql_connection:28 - Connection to MYSQL is successful
2020-11-29 02:47:57.039 | INFO     | utils:mysql_connection:28 - Connection to MYSQL is successful
2020-11-29 02:47:57.047 | INFO     | utils:mysql_connection:28 - Connection to MYSQL is successful
2020-11-29 02:47:57.054 | INFO     | utils:mysql_connection:28 - Connection to MYSQL is successful
2020-11-29 02:47:57.064 | INFO     | utils:mysql_connection:28 - Connection to MYSQL is successful
2020-11-29 02:47:57.071 | INFO     | utils:mysql_connection:28 - Connection to MYSQL is successful
2020-11-29 02:47:57.078 | INFO     | utils:mysql_connection:28 - Connection to MYSQL is successful
2020-11-29 02:47:57.085 | INFO     | utils:mysql_connection:28 - Connection to MYSQL is successful
2020-11-29 02:47:57.092 | INFO     | utils:mysql_connection:28 - Connection to MYSQL is successful
2020-11-29 02:47:57.099 | INFO     | utils:mysql_connection:28 - Connection to MYSQL is successful
2020-11-29 02:47:57.107 | INFO     | utils:mysql_connection:28 - Connection to MYSQL is successful
2020-11-29 02:47:57.115 | INFO     | utils:mysql_connection:28 - Connection to MYSQL is successful
2020-11-29 02:47:57.126 | INFO     | utils:mysql_connection:28 - Connection to MYSQL is successful
2020-11-29 02:47:57.133 | INFO     | utils:mysql_connection:28 - Connection to MYSQL is successful
2020-11-29 02:47:57.140 | INFO     | utils:mysql_connection:28 - Connection to MYSQL is successful
2020-11-29 02:47:57.150 | INFO     | utils:mysql_connection:28 - Connection to MYSQL is successful
2020-11-29 02:47:57.164 | INFO     | utils:mysql_connection:28 - Connection to MYSQL is successful
2020-11-29 02:47:57.172 | INFO     | utils:mysql_connection:28 - Connection to MYSQL is successful
2020-11-29 02:47:57.180 | INFO     | utils:mysql_connection:28 - Connection to MYSQL is successful
2020-11-29 02:47:57.191 | INFO     | utils:mysql_connection:28 - Connection to MYSQL is successful
2020-11-29 02:47:57.199 | INFO     | utils:mysql_connection:28 - Connection to MYSQL is successful
2020-11-29 02:47:57.206 | INFO     | utils:mysql_connection:28 - Connection to MYSQL is successful
2020-11-29 02:47:57.213 | INFO     | utils:mysql_connection:28 - Connection to MYSQL is successful
2020-11-29 02:47:57.220 | INFO     | utils:mysql_connection:28 - Connection to MYSQL is successful
2020-11-29 02:47:57.229 | INFO     | utils:mysql_connection:28 - Connection to MYSQL is successful
2020-11-29 02:47:57.237 | INFO     | utils:mysql_connection:28 - Connection to MYSQL is successful
2020-11-29 02:47:57.248 | INFO     | utils:mysql_connection:28 - Connection to MYSQL is successful
2020-11-29 02:47:57.255 | INFO     | utils:mysql_connection:28 - Connection to MYSQL is successful
2020-11-29 02:47:57.262 | INFO     | utils:mysql_connection:28 - Connection to MYSQL is successful
2020-11-29 02:47:57.272 | INFO     | utils:mysql_connection:28 - Connection to MYSQL is successful
2020-11-29 02:47:57.279 | INFO     | utils:mysql_connection:28 - Connection to MYSQL is successful
2020-11-29 02:47:57.286 | INFO     | utils:mysql_connection:28 - Connection to MYSQL is successful
2020-11-29 02:47:57.293 | INFO     | utils:mysql_connection:28 - Connection to MYSQL is successful
2020-11-29 02:47:57.301 | INFO     | utils:mysql_connection:28 - Connection to MYSQL is successful
2020-11-29 02:47:57.311 | INFO     | utils:mysql_connection:28 - Connection to MYSQL is successful
2020-11-29 02:47:57.319 | INFO     | utils:mysql_connection:28 - Connection to MYSQL is successful
2020-11-29 02:47:57.326 | INFO     | utils:mysql_connection:28 - Connection to MYSQL is successful
2020-11-29 02:47:57.333 | INFO     | utils:mysql_connection:28 - Connection to MYSQL is successful
2020-11-29 02:47:57.340 | INFO     | utils:mysql_connection:28 - Connection to MYSQL is successful
2020-11-29 02:47:57.351 | INFO     | utils:mysql_connection:28 - Connection to MYSQL is successful
2020-11-29 02:47:57.357 | INFO     | utils:mysql_connection:28 - Connection to MYSQL is successful
2020-11-29 02:47:57.364 | INFO     | utils:mysql_connection:28 - Connection to MYSQL is successful
2020-11-29 02:47:57.376 | INFO     | utils:mysql_connection:28 - Connection to MYSQL is successful
2020-11-29 02:47:57.383 | INFO     | utils:mysql_connection:28 - Connection to MYSQL is successful
2020-11-29 02:47:57.390 | INFO     | utils:mysql_connection:28 - Connection to MYSQL is successful
2020-11-29 02:47:57.397 | INFO     | utils:mysql_connection:28 - Connection to MYSQL is successful
2020-11-29 02:47:57.404 | INFO     | utils:mysql_connection:28 - Connection to MYSQL is successful
2020-11-29 02:47:57.414 | INFO     | utils:mysql_connection:28 - Connection to MYSQL is successful
2020-11-29 02:47:57.421 | INFO     | utils:mysql_connection:28 - Connection to MYSQL is successful
2020-11-29 02:47:57.432 | INFO     | utils:mysql_connection:28 - Connection to MYSQL is successful
2020-11-29 02:47:57.441 | INFO     | utils:mysql_connection:28 - Connection to MYSQL is successful
2020-11-29 02:47:57.449 | INFO     | utils:mysql_connection:28 - Connection to MYSQL is successful
2020-11-29 02:47:57.454 | INFO     | __main__:load_data:40 - Data Load Completed Successfully
2020-11-29 02:47:57.454 | INFO     | __main__:run:71 - Process Completed
